1501966110.984215 client started (8534): socket /tmp/tmux-1000/default, protocol 8
1501966110.984288 on Linux 4.10.0-30-generic #34-Ubuntu SMP Mon Jul 31 19:38:17 UTC 2017; libevent 2.0.21-stable (poll)
1501966110.984333 socket is /tmp/tmux-1000/default
1501966110.984354 trying connect
1501966110.984510 add peer 0x55a11865ecb0: 6 ((nil))
1501966110.984664 sending message 100 to peer 0x55a11865ecb0 (4 bytes)
1501966110.984687 sending message 101 to peer 0x55a11865ecb0 (15 bytes)
1501966110.984701 sending message 102 to peer 0x55a11865ecb0 (12 bytes)
1501966110.984713 sending message 108 to peer 0x55a11865ecb0 (23 bytes)
1501966110.984729 sending message 104 to peer 0x55a11865ecb0 (0 bytes)
1501966110.984742 sending message 107 to peer 0x55a11865ecb0 (4 bytes)
1501966110.984754 sending message 105 to peer 0x55a11865ecb0 (22 bytes)
1501966110.984768 sending message 105 to peer 0x55a11865ecb0 (1468 bytes)
1501966110.984810 sending message 105 to peer 0x55a11865ecb0 (34 bytes)
1501966110.984823 sending message 105 to peer 0x55a11865ecb0 (17 bytes)
1501966110.984836 sending message 105 to peer 0x55a11865ecb0 (15 bytes)
1501966110.984849 sending message 105 to peer 0x55a11865ecb0 (16 bytes)
1501966110.984861 sending message 105 to peer 0x55a11865ecb0 (11 bytes)
1501966110.984875 sending message 105 to peer 0x55a11865ecb0 (47 bytes)
1501966110.984888 sending message 105 to peer 0x55a11865ecb0 (29 bytes)
1501966110.984900 sending message 105 to peer 0x55a11865ecb0 (31 bytes)
1501966110.984912 sending message 105 to peer 0x55a11865ecb0 (20 bytes)
1501966110.984924 sending message 105 to peer 0x55a11865ecb0 (41 bytes)
1501966110.984936 sending message 105 to peer 0x55a11865ecb0 (54 bytes)
1501966110.984948 sending message 105 to peer 0x55a11865ecb0 (50 bytes)
1501966110.984961 sending message 105 to peer 0x55a11865ecb0 (12 bytes)
1501966110.984973 sending message 105 to peer 0x55a11865ecb0 (23 bytes)
1501966110.984987 sending message 105 to peer 0x55a11865ecb0 (18 bytes)
1501966110.984999 sending message 105 to peer 0x55a11865ecb0 (51 bytes)
1501966110.985012 sending message 105 to peer 0x55a11865ecb0 (27 bytes)
1501966110.985024 sending message 105 to peer 0x55a11865ecb0 (18 bytes)
1501966110.985035 sending message 105 to peer 0x55a11865ecb0 (23 bytes)
1501966110.985047 sending message 105 to peer 0x55a11865ecb0 (19 bytes)
1501966110.985059 sending message 105 to peer 0x55a11865ecb0 (21 bytes)
1501966110.985071 sending message 105 to peer 0x55a11865ecb0 (26 bytes)
1501966110.985083 sending message 105 to peer 0x55a11865ecb0 (85 bytes)
1501966110.985095 sending message 105 to peer 0x55a11865ecb0 (27 bytes)
1501966110.985109 sending message 105 to peer 0x55a11865ecb0 (33 bytes)
1501966110.985121 sending message 105 to peer 0x55a11865ecb0 (45 bytes)
1501966110.985134 sending message 105 to peer 0x55a11865ecb0 (20 bytes)
1501966110.985146 sending message 105 to peer 0x55a11865ecb0 (16 bytes)
1501966110.985158 sending message 105 to peer 0x55a11865ecb0 (17 bytes)
1501966110.985170 sending message 105 to peer 0x55a11865ecb0 (52 bytes)
1501966110.985182 sending message 105 to peer 0x55a11865ecb0 (18 bytes)
1501966110.985194 sending message 105 to peer 0x55a11865ecb0 (20 bytes)
1501966110.985206 sending message 105 to peer 0x55a11865ecb0 (18 bytes)
1501966110.985217 sending message 105 to peer 0x55a11865ecb0 (33 bytes)
1501966110.985230 sending message 105 to peer 0x55a11865ecb0 (35 bytes)
1501966110.985242 sending message 105 to peer 0x55a11865ecb0 (8 bytes)
1501966110.985255 sending message 105 to peer 0x55a11865ecb0 (15 bytes)
1501966110.985268 sending message 105 to peer 0x55a11865ecb0 (18 bytes)
1501966110.985280 sending message 105 to peer 0x55a11865ecb0 (18 bytes)
1501966110.985292 sending message 105 to peer 0x55a11865ecb0 (44 bytes)
1501966110.985305 sending message 105 to peer 0x55a11865ecb0 (15 bytes)
1501966110.985317 sending message 105 to peer 0x55a11865ecb0 (54 bytes)
1501966110.985329 sending message 105 to peer 0x55a11865ecb0 (31 bytes)
1501966110.985341 sending message 105 to peer 0x55a11865ecb0 (36 bytes)
1501966110.985353 sending message 105 to peer 0x55a11865ecb0 (58 bytes)
1501966110.985384 sending message 105 to peer 0x55a11865ecb0 (45 bytes)
1501966110.985398 sending message 105 to peer 0x55a11865ecb0 (132 bytes)
1501966110.985411 sending message 105 to peer 0x55a11865ecb0 (32 bytes)
1501966110.985424 sending message 105 to peer 0x55a11865ecb0 (19 bytes)
1501966110.985438 sending message 105 to peer 0x55a11865ecb0 (16 bytes)
1501966110.985450 sending message 105 to peer 0x55a11865ecb0 (16 bytes)
1501966110.985463 sending message 106 to peer 0x55a11865ecb0 (0 bytes)
1501966110.985488 sending message 200 to peer 0x55a11865ecb0 (4 bytes)
1501966110.985501 client loop enter
1501966110.995589 peer 0x55a11865ecb0 message 207
1501966110.995645 sending message 208 to peer 0x55a11865ecb0 (0 bytes)
1501966481.240578 sending message 205 to peer 0x55a11865ecb0 (0 bytes)
1501966481.241027 peer 0x55a11865ecb0 message 204
1501966481.241041 client loop exit
